<?xml version="1.0" encoding="UTF-8"?>
<testsuite xmlns:xsi="http://www.w3.org/2001/XMLSchema-instance" xsi:noNamespaceSchemaLocation="https://maven.apache.org/surefire/maven-surefire-plugin/xsd/surefire-test-report-3.0.xsd" version="3.0" name="TestSuite" time="0.289" tests="2" errors="0" skipped="0" failures="0">
  <properties>
[...]
</properties>
  <testcase name="SignUpInCorrectCreds" classname="test.testng.SignUpTest" time="0.003">
    <system-out><![CDATA[signUpInCorrectCreds
]]></system-out>
  </testcase>
  <testcase name="signUpCorrectCreds" classname="test.testng.SignUpTest" time="0">
    <system-out><![CDATA[signUpCorrectCreds
]]></system-out>
  </testcase>
</testsuite>