<?xml version="1.0" encoding="UTF-8"?>
<testng-results skipped="0" failed="0" ignored="0" total="2" passed="2">
  <reporter-output>
  </reporter-output>
  <suite name="Regression" duration-ms="26" started-at="2021-11-27T21:32:12 ICT" finished-at="2021-11-27T21:32:12 ICT">
    <groups>
    </groups>
    <test name="signup" duration-ms="26" started-at="2021-11-27T21:32:12 ICT" finished-at="2021-11-27T21:32:12 ICT">
      <class name="test.testng.SignUpTest">
        <test-method status="PASS" signature="SignUpInCorrectCreds()[pri:0, instance:test.testng.SignUpTest@61f8bee4]" name="SignUpInCorrectCreds" duration-ms="3" started-at="2021-11-27T21:32:12 ICT" finished-at="2021-11-27T21:32:12 ICT">
          <reporter-output>
          </reporter-output>
        </test-method> <!-- SignUpInCorrectCreds -->
        <test-method status="PASS" signature="signUpCorrectCreds()[pri:0, instance:test.testng.SignUpTest@61f8bee4]" name="signUpCorrectCreds" duration-ms="0" started-at="2021-11-27T21:32:12 ICT" finished-at="2021-11-27T21:32:12 ICT">
          <reporter-output>
          </reporter-output>
        </test-method> <!-- signUpCorrectCreds -->
      </class> <!-- test.testng.SignUpTest -->
    </test> <!-- signup -->
  </suite> <!-- Regression -->
</testng-results>
